<?xml version="1.0" encoding="UTF-8"?>
<!-- Generated by org.testng.reporters.JUnitXMLReporter -->
<testsuite ignored="0" hostname="Harsahej" failures="1" tests="2" name="Error" time="11.95" errors="0" timestamp="2023-05-10T17:13:05 IST">
  <testcase classname="GreenKart.Test.ErrorValidiationTest" name="searchBox" time="0.169"/>
  <testcase classname="GreenKart.Test.ErrorValidiationTest" name="checkoutButton" time="1.003">
    <failure type="java.lang.AssertionError" message="expected [true] but found [false]">
      <![CDATA[java.lang.AssertionError: expected [true] but found [false]
at GreenKart.Test.ErrorValidiationTest.checkoutButton(ErrorValidiationTest.java:34)
at java.base/java.util.ArrayList.forEach(ArrayList.java:1511)
... Removed 35 stack frames]]>
    </failure>
  </testcase> <!-- checkoutButton -->
</testsuite> <!-- Error -->
