<?xml version="1.0" encoding="UTF-8"?>
<testng-results ignored="0" total="10" passed="8" failed="2" skipped="0">
  <reporter-output>
  </reporter-output>
  <suite started-at="2023-05-09T16:47:57 IST" name="GreenKart" finished-at="2023-05-09T16:48:24 IST" duration-ms="26900">
    <groups>
    </groups>
    <test started-at="2023-05-09T16:47:57 IST" name="cart" finished-at="2023-05-09T16:48:13 IST" duration-ms="15570">
      <class name="GreenKart.Test.cart">
        <test-method is-config="true" signature="launchApplication()[pri:0, instance:GreenKart.Test.cart@492691d7]" started-at="2023-05-09T16:47:57 IST" name="launchApplication" finished-at="2023-05-09T16:48:03 IST" duration-ms="5978" status="PASS">
          <reporter-output>
          </reporter-output>
        </test-method> <!-- launchApplication -->
        <test-method signature="itemCheck()[pri:0, instance:GreenKart.Test.cart@492691d7]" started-at="2023-05-09T16:48:03 IST" name="itemCheck" finished-at="2023-05-09T16:48:05 IST" duration-ms="1412" status="PASS">
          <reporter-output>
          </reporter-output>
        </test-method> <!-- itemCheck -->
        <test-method signature="amountCheck()[pri:0, instance:GreenKart.Test.cart@492691d7]" started-at="2023-05-09T16:48:05 IST" name="amountCheck" finished-at="2023-05-09T16:48:05 IST" depends-on-methods="GreenKart.Test.cart.itemCheck" duration-ms="632" status="PASS">
          <reporter-output>
          </reporter-output>
        </test-method> <!-- amountCheck -->
        <test-method signature="countCheck()[pri:0, instance:GreenKart.Test.cart@492691d7]" started-at="2023-05-09T16:48:05 IST" name="countCheck" finished-at="2023-05-09T16:48:06 IST" depends-on-methods="GreenKart.Test.cart.itemCheck" duration-ms="221" status="PASS">
          <reporter-output>
          </reporter-output>
        </test-method> <!-- countCheck -->
        <test-method signature="AddToCartLabelCheck()[pri:0, instance:GreenKart.Test.cart@492691d7]" started-at="2023-05-09T16:48:06 IST" name="AddToCartLabelCheck" finished-at="2023-05-09T16:48:07 IST" depends-on-methods="GreenKart.Test.cart.amountCheck" duration-ms="1203" status="PASS">
          <reporter-output>
          </reporter-output>
        </test-method> <!-- AddToCartLabelCheck -->
        <test-method signature="refershCheck()[pri:0, instance:GreenKart.Test.cart@492691d7]" started-at="2023-05-09T16:48:07 IST" name="refershCheck" finished-at="2023-05-09T16:48:12 IST" depends-on-methods="GreenKart.Test.cart.AddToCartLabelCheck" duration-ms="5293" status="FAIL">
          <exception class="java.lang.AssertionError">
            <message>
              <![CDATA[expected [true] but found [false]]]>
            </message>
            <full-stacktrace>
              <![CDATA[java.lang.AssertionError: expected [true] but found [false]
at org.testng.Assert.fail(Assert.java:99)
at org.testng.Assert.failNotEquals(Assert.java:1037)
at org.testng.Assert.assertTrue(Assert.java:45)
at org.testng.Assert.assertTrue(Assert.java:55)
at GreenKart.Test.cart.refershCheck(cart.java:42)
at java.base/jdk.internal.reflect.NativeMethodAccessorImpl.invoke0(Native Method)
at java.base/jdk.internal.reflect.NativeMethodAccessorImpl.invoke(NativeMethodAccessorImpl.java:77)
at java.base/jdk.internal.reflect.DelegatingMethodAccessorImpl.invoke(DelegatingMethodAccessorImpl.java:43)
at java.base/java.lang.reflect.Method.invoke(Method.java:568)
at org.testng.internal.MethodInvocationHelper.invokeMethod(MethodInvocationHelper.java:133)
at org.testng.internal.TestInvoker.invokeMethod(TestInvoker.java:598)
at org.testng.internal.TestInvoker.invokeTestMethod(TestInvoker.java:173)
at org.testng.internal.MethodRunner.runInSequence(MethodRunner.java:46)
at org.testng.internal.TestInvoker$MethodInvocationAgent.invoke(TestInvoker.java:824)
at org.testng.internal.TestInvoker.invokeTestMethods(TestInvoker.java:146)
at org.testng.internal.TestMethodWorker.invokeTestMethods(TestMethodWorker.java:146)
at org.testng.internal.TestMethodWorker.run(TestMethodWorker.java:128)
at java.base/java.util.ArrayList.forEach(ArrayList.java:1511)
at org.testng.TestRunner.privateRun(TestRunner.java:794)
at org.testng.TestRunner.run(TestRunner.java:596)
at org.testng.SuiteRunner.runTest(SuiteRunner.java:377)
at org.testng.SuiteRunner.runSequentially(SuiteRunner.java:371)
at org.testng.SuiteRunner.privateRun(SuiteRunner.java:332)
at org.testng.SuiteRunner.run(SuiteRunner.java:276)
at org.testng.SuiteRunnerWorker.runSuite(SuiteRunnerWorker.java:53)
at org.testng.SuiteRunnerWorker.run(SuiteRunnerWorker.java:96)
at org.testng.TestNG.runSuitesSequentially(TestNG.java:1212)
at org.testng.TestNG.runSuitesLocally(TestNG.java:1134)
at org.testng.TestNG.runSuites(TestNG.java:1063)
at org.testng.TestNG.run(TestNG.java:1031)
at org.testng.remote.AbstractRemoteTestNG.run(AbstractRemoteTestNG.java:115)
at org.testng.remote.RemoteTestNG.initAndRun(RemoteTestNG.java:251)
at org.testng.remote.RemoteTestNG.main(RemoteTestNG.java:77)
]]>
            </full-stacktrace>
          </exception> <!-- java.lang.AssertionError -->
          <reporter-output>
          </reporter-output>
        </test-method> <!-- refershCheck -->
        <test-method is-config="true" signature="terminate()[pri:0, instance:GreenKart.Test.cart@492691d7]" started-at="2023-05-09T16:48:13 IST" name="terminate" finished-at="2023-05-09T16:48:13 IST" duration-ms="156" status="PASS">
          <reporter-output>
          </reporter-output>
        </test-method> <!-- terminate -->
      </class> <!-- GreenKart.Test.cart -->
    </test> <!-- cart -->
    <test started-at="2023-05-09T16:48:14 IST" name="Header" finished-at="2023-05-09T16:48:20 IST" duration-ms="6025">
      <class name="GreenKart.Test.HeaderTest">
        <test-method is-config="true" signature="launchApplication()[pri:0, instance:GreenKart.Test.HeaderTest@34c01041]" started-at="2023-05-09T16:48:14 IST" name="launchApplication" finished-at="2023-05-09T16:48:16 IST" duration-ms="2903" status="PASS">
          <reporter-output>
          </reporter-output>
        </test-method> <!-- launchApplication -->
        <test-method signature="LogoCheck()[pri:0, instance:GreenKart.Test.HeaderTest@34c01041]" started-at="2023-05-09T16:48:16 IST" name="LogoCheck" finished-at="2023-05-09T16:48:17 IST" duration-ms="73" status="PASS">
          <reporter-output>
          </reporter-output>
        </test-method> <!-- LogoCheck -->
        <test-method signature="headerLink()[pri:0, instance:GreenKart.Test.HeaderTest@34c01041]" started-at="2023-05-09T16:48:17 IST" name="headerLink" finished-at="2023-05-09T16:48:18 IST" duration-ms="1961" status="PASS">
          <reporter-output>
          </reporter-output>
        </test-method> <!-- headerLink -->
        <test-method signature="textBox()[pri:0, instance:GreenKart.Test.HeaderTest@34c01041]" started-at="2023-05-09T16:48:18 IST" name="textBox" finished-at="2023-05-09T16:48:19 IST" duration-ms="923" status="PASS">
          <reporter-output>
          </reporter-output>
        </test-method> <!-- textBox -->
        <test-method is-config="true" signature="terminate()[pri:0, instance:GreenKart.Test.HeaderTest@34c01041]" started-at="2023-05-09T16:48:19 IST" name="terminate" finished-at="2023-05-09T16:48:20 IST" duration-ms="154" status="PASS">
          <reporter-output>
          </reporter-output>
        </test-method> <!-- terminate -->
      </class> <!-- GreenKart.Test.HeaderTest -->
    </test> <!-- Header -->
    <test started-at="2023-05-09T16:48:20 IST" name="Error" finished-at="2023-05-09T16:48:24 IST" duration-ms="4471">
      <class name="GreenKart.Test.ErrorValidiationTest">
        <test-method is-config="true" signature="launchApplication()[pri:0, instance:GreenKart.Test.ErrorValidiationTest@524f3b3a]" started-at="2023-05-09T16:48:20 IST" name="launchApplication" finished-at="2023-05-09T16:48:22 IST" duration-ms="2622" status="PASS">
          <reporter-output>
          </reporter-output>
        </test-method> <!-- launchApplication -->
        <test-method signature="searchBox()[pri:0, instance:GreenKart.Test.ErrorValidiationTest@524f3b3a]" started-at="2023-05-09T16:48:22 IST" name="searchBox" finished-at="2023-05-09T16:48:23 IST" duration-ms="327" status="PASS">
          <reporter-output>
          </reporter-output>
        </test-method> <!-- searchBox -->
        <test-method signature="checkoutButton()[pri:0, instance:GreenKart.Test.ErrorValidiationTest@524f3b3a]" started-at="2023-05-09T16:48:23 IST" name="checkoutButton" finished-at="2023-05-09T16:48:23 IST" depends-on-methods="GreenKart.Test.ErrorValidiationTest.searchBox" duration-ms="763" status="FAIL">
          <exception class="java.lang.AssertionError">
            <message>
              <![CDATA[expected [true] but found [false]]]>
            </message>
            <full-stacktrace>
              <![CDATA[java.lang.AssertionError: expected [true] but found [false]
at org.testng.Assert.fail(Assert.java:99)
at org.testng.Assert.failNotEquals(Assert.java:1037)
at org.testng.Assert.assertTrue(Assert.java:45)
at org.testng.Assert.assertTrue(Assert.java:55)
at GreenKart.Test.ErrorValidiationTest.checkoutButton(ErrorValidiationTest.java:34)
at java.base/jdk.internal.reflect.NativeMethodAccessorImpl.invoke0(Native Method)
at java.base/jdk.internal.reflect.NativeMethodAccessorImpl.invoke(NativeMethodAccessorImpl.java:77)
at java.base/jdk.internal.reflect.DelegatingMethodAccessorImpl.invoke(DelegatingMethodAccessorImpl.java:43)
at java.base/java.lang.reflect.Method.invoke(Method.java:568)
at org.testng.internal.MethodInvocationHelper.invokeMethod(MethodInvocationHelper.java:133)
at org.testng.internal.TestInvoker.invokeMethod(TestInvoker.java:598)
at org.testng.internal.TestInvoker.invokeTestMethod(TestInvoker.java:173)
at org.testng.internal.MethodRunner.runInSequence(MethodRunner.java:46)
at org.testng.internal.TestInvoker$MethodInvocationAgent.invoke(TestInvoker.java:824)
at org.testng.internal.TestInvoker.invokeTestMethods(TestInvoker.java:146)
at org.testng.internal.TestMethodWorker.invokeTestMethods(TestMethodWorker.java:146)
at org.testng.internal.TestMethodWorker.run(TestMethodWorker.java:128)
at java.base/java.util.ArrayList.forEach(ArrayList.java:1511)
at org.testng.TestRunner.privateRun(TestRunner.java:794)
at org.testng.TestRunner.run(TestRunner.java:596)
at org.testng.SuiteRunner.runTest(SuiteRunner.java:377)
at org.testng.SuiteRunner.runSequentially(SuiteRunner.java:371)
at org.testng.SuiteRunner.privateRun(SuiteRunner.java:332)
at org.testng.SuiteRunner.run(SuiteRunner.java:276)
at org.testng.SuiteRunnerWorker.runSuite(SuiteRunnerWorker.java:53)
at org.testng.SuiteRunnerWorker.run(SuiteRunnerWorker.java:96)
at org.testng.TestNG.runSuitesSequentially(TestNG.java:1212)
at org.testng.TestNG.runSuitesLocally(TestNG.java:1134)
at org.testng.TestNG.runSuites(TestNG.java:1063)
at org.testng.TestNG.run(TestNG.java:1031)
at org.testng.remote.AbstractRemoteTestNG.run(AbstractRemoteTestNG.java:115)
at org.testng.remote.RemoteTestNG.initAndRun(RemoteTestNG.java:251)
at org.testng.remote.RemoteTestNG.main(RemoteTestNG.java:77)
]]>
            </full-stacktrace>
          </exception> <!-- java.lang.AssertionError -->
          <reporter-output>
          </reporter-output>
        </test-method> <!-- checkoutButton -->
        <test-method is-config="true" signature="terminate()[pri:0, instance:GreenKart.Test.ErrorValidiationTest@524f3b3a]" started-at="2023-05-09T16:48:24 IST" name="terminate" finished-at="2023-05-09T16:48:24 IST" duration-ms="152" status="PASS">
          <reporter-output>
          </reporter-output>
        </test-method> <!-- terminate -->
      </class> <!-- GreenKart.Test.ErrorValidiationTest -->
    </test> <!-- Error -->
  </suite> <!-- GreenKart -->
</testng-results>
